{
  "0 debug pnpm:scope": {
    "selected": 1,
    "workspacePrefix": "/home/admin/src/github.com/stayradiated/kc"
  },
  "1 error pnpm": {
    "errno": 1,
    "code": "ELIFECYCLE",
    "pkgid": "@stayradiated/kc-keychain@1.0.0",
    "stage": "test",
    "script": "ava",
    "pkgname": "@stayradiated/kc-keychain",
    "err": {
      "name": "Error",
      "message": "@stayradiated/kc-keychain@1.0.0 test: `ava`\nExit status 1",
      "code": "ELIFECYCLE",
      "stack": "Error: @stayradiated/kc-keychain@1.0.0 test: `ava`\nExit status 1\n    at EventEmitter.<anonymous> (/usr/local/lib/node_modules/pnpm/dist/pnpm.cjs:104107:20)\n    at EventEmitter.emit (node:events:394:28)\n    at ChildProcess.<anonymous> (/usr/local/lib/node_modules/pnpm/dist/pnpm.cjs:92413:18)\n    at ChildProcess.emit (node:events:394:28)\n    at maybeClose (node:internal/child_process:1067:16)\n    at Process.ChildProcess._handle.onexit (node:internal/child_process:301:5)"
    }
  }
}